May 09, 2025 4:55:04 PM liquibase.changelog
INFO: Reading resource: db/changelog/migrations/db.changelog-202505071245.sql
May 09, 2025 4:55:04 PM liquibase.changelog
INFO: Reading resource: db/changelog/migrations/db.changelog-202505071310.sql
May 09, 2025 4:55:04 PM liquibase.changelog
INFO: Reading resource: db/changelog/migrations/db.changelog-202505071321.sql
May 09, 2025 4:55:04 PM liquibase.changelog
INFO: Reading resource: db/changelog/migrations/db.changelog-202505071615.sql
May 09, 2025 4:55:04 PM liquibase.changelog
INFO: Reading resource: db/changelog/migrations/db.changelog-202505091210.sql
May 09, 2025 4:55:05 PM liquibase.changelog
INFO: Reading from board.DATABASECHANGELOG
Database is up to date, no changesets to execute
May 09, 2025 4:55:05 PM liquibase.changelog
INFO: Reading from board.DATABASECHANGELOG

UPDATE SUMMARY
Run:                          0
Previously run:               5
Filtered out:                 0
-------------------------------
Total change sets:            5

May 09, 2025 4:55:05 PM liquibase.util
INFO: UPDATE SUMMARY
May 09, 2025 4:55:05 PM liquibase.util
INFO: Run:                          0
May 09, 2025 4:55:05 PM liquibase.util
INFO: Previously run:               5
May 09, 2025 4:55:05 PM liquibase.util
INFO: Filtered out:                 0
May 09, 2025 4:55:05 PM liquibase.util
INFO: -------------------------------
May 09, 2025 4:55:05 PM liquibase.util
INFO: Total change sets:            5
May 09, 2025 4:55:05 PM liquibase.util
INFO: Update summary generated
May 09, 2025 4:55:05 PM liquibase.lockservice
INFO: Successfully released change log lock
May 09, 2025 4:55:05 PM liquibase.command
INFO: Command execution complete
